<?xml version="1.0" encoding="UTF-8"?>
<testsuites name="Mocha Tests" time="58.958" tests="1" failures="1">
  <testsuite name="Root Suite" timestamp="2023-05-19T14:01:45" tests="1" file="cypress\e2e\WebSoft\Learning_testing_management\Testing_management\test_test.cy.js" time="58.938" failures="1">
    <testcase name="Запуск теста" time="0.000" classname="Запуск теста">
      <failure message="Timed out retrying after 40000ms: Expected to find content: &apos;Продолжить&apos; but never did." type="AssertionError"><![CDATA[AssertionError: Timed out retrying after 40000ms: Expected to find content: 'Продолжить' but never did.
    at Context.eval (webpack:///./cypress/e2e/WebSoft/Learning_testing_management/Testing_management/test_test.cy.js:28:5)]]></failure>
    </testcase>
  </testsuite>
</testsuites>